{"C:\\Users\\DELL\\Documents\\Diaz\\project\\jubelio-tech-test-diazravivnur\\server\\config\\database.js": {"path":"C:\\Users\\DELL\\Documents\\Diaz\\project\\jubelio-tech-test-diazravivnur\\server\\config\\database.js","statementMap":{"0":{"start":{"line":1,"column":12},"end":{"line":1,"column":35}},"1":{"start":{"line":2,"column":0},"end":{"line":2,"column":27}},"2":{"start":{"line":5,"column":19},"end":{"line":11,"column":1}},"3":{"start":{"line":13,"column":11},"end":{"line":13,"column":26}},"4":{"start":{"line":15,"column":0},"end":{"line":15,"column":20}}},"fnMap":{},"branchMap":{"0":{"loc":{"start":{"line":6,"column":8},"end":{"line":6,"column":42}},"type":"binary-expr","locations":[{"start":{"line":6,"column":8},"end":{"line":6,"column":27}},{"start":{"line":6,"column":31},"end":{"line":6,"column":42}}],"line":6},"1":{"loc":{"start":{"line":7,"column":8},"end":{"line":7,"column":35}},"type":"binary-expr","locations":[{"start":{"line":7,"column":8},"end":{"line":7,"column":27}},{"start":{"line":7,"column":31},"end":{"line":7,"column":35}}],"line":7},"2":{"loc":{"start":{"line":8,"column":12},"end":{"line":8,"column":46}},"type":"binary-expr","locations":[{"start":{"line":8,"column":12},"end":{"line":8,"column":31}},{"start":{"line":8,"column":35},"end":{"line":8,"column":46}}],"line":8},"3":{"loc":{"start":{"line":9,"column":8},"end":{"line":9,"column":41}},"type":"binary-expr","locations":[{"start":{"line":9,"column":8},"end":{"line":9,"column":27}},{"start":{"line":9,"column":31},"end":{"line":9,"column":41}}],"line":9},"4":{"loc":{"start":{"line":10,"column":12},"end":{"line":10,"column":49}},"type":"binary-expr","locations":[{"start":{"line":10,"column":12},"end":{"line":10,"column":35}},{"start":{"line":10,"column":39},"end":{"line":10,"column":49}}],"line":10}},"s":{"0":2,"1":2,"2":2,"3":2,"4":2},"f":{},"b":{"0":[2,0],"1":[2,0],"2":[2,0],"3":[2,0],"4":[2,0]},"_coverageSchema":"1a1c01bbd47fc00a2c39e90264f33305004495a9","hash":"8890452cbe9eaeaaf162c6a4e228e077a3af10d7"}
,"C:\\Users\\DELL\\Documents\\Diaz\\project\\jubelio-tech-test-diazravivnur\\server\\controllers\\productController.js": {"path":"C:\\Users\\DELL\\Documents\\Diaz\\project\\jubelio-tech-test-diazravivnur\\server\\controllers\\productController.js","statementMap":{"0":{"start":{"line":1,"column":21},"end":{"line":1,"column":55}},"1":{"start":{"line":2,"column":20},"end":{"line":2,"column":53}},"2":{"start":{"line":3,"column":23},"end":{"line":3,"column":54}},"3":{"start":{"line":6,"column":23},"end":{"line":16,"column":1}},"4":{"start":{"line":7,"column":20},"end":{"line":7,"column":36}},"5":{"start":{"line":8,"column":2},"end":{"line":15,"column":3}},"6":{"start":{"line":9,"column":21},"end":{"line":9,"column":59}},"7":{"start":{"line":10,"column":4},"end":{"line":10,"column":50}},"8":{"start":{"line":11,"column":4},"end":{"line":11,"column":109}},"9":{"start":{"line":13,"column":4},"end":{"line":13,"column":99}},"10":{"start":{"line":14,"column":4},"end":{"line":14,"column":70}},"11":{"start":{"line":18,"column":23},"end":{"line":29,"column":1}},"12":{"start":{"line":19,"column":20},"end":{"line":19,"column":36}},"13":{"start":{"line":21,"column":2},"end":{"line":28,"column":3}},"14":{"start":{"line":22,"column":21},"end":{"line":22,"column":55}},"15":{"start":{"line":23,"column":4},"end":{"line":23,"column":28}},"16":{"start":{"line":24,"column":4},"end":{"line":24,"column":104}},"17":{"start":{"line":26,"column":4},"end":{"line":26,"column":99}},"18":{"start":{"line":27,"column":4},"end":{"line":27,"column":70}},"19":{"start":{"line":31,"column":22},"end":{"line":42,"column":1}},"20":{"start":{"line":32,"column":20},"end":{"line":32,"column":36}},"21":{"start":{"line":33,"column":2},"end":{"line":41,"column":3}},"22":{"start":{"line":34,"column":22},"end":{"line":34,"column":35}},"23":{"start":{"line":35,"column":24},"end":{"line":35,"column":35}},"24":{"start":{"line":36,"column":4},"end":{"line":36,"column":63}},"25":{"start":{"line":37,"column":4},"end":{"line":37,"column":96}},"26":{"start":{"line":39,"column":4},"end":{"line":39,"column":98}},"27":{"start":{"line":40,"column":4},"end":{"line":40,"column":70}},"28":{"start":{"line":44,"column":22},"end":{"line":54,"column":1}},"29":{"start":{"line":45,"column":20},"end":{"line":45,"column":36}},"30":{"start":{"line":46,"column":2},"end":{"line":53,"column":3}},"31":{"start":{"line":47,"column":22},"end":{"line":47,"column":35}},"32":{"start":{"line":48,"column":4},"end":{"line":48,"column":50}},"33":{"start":{"line":49,"column":4},"end":{"line":49,"column":96}},"34":{"start":{"line":51,"column":4},"end":{"line":51,"column":98}},"35":{"start":{"line":52,"column":4},"end":{"line":52,"column":70}},"36":{"start":{"line":56,"column":22},"end":{"line":66,"column":1}},"37":{"start":{"line":57,"column":20},"end":{"line":57,"column":36}},"38":{"start":{"line":58,"column":2},"end":{"line":65,"column":3}},"39":{"start":{"line":59,"column":23},"end":{"line":59,"column":34}},"40":{"start":{"line":60,"column":4},"end":{"line":60,"column":51}},"41":{"start":{"line":61,"column":4},"end":{"line":61,"column":109}},"42":{"start":{"line":63,"column":4},"end":{"line":63,"column":98}},"43":{"start":{"line":64,"column":4},"end":{"line":64,"column":70}},"44":{"start":{"line":68,"column":26},"end":{"line":83,"column":1}},"45":{"start":{"line":69,"column":20},"end":{"line":69,"column":36}},"46":{"start":{"line":70,"column":20},"end":{"line":70,"column":33}},"47":{"start":{"line":72,"column":2},"end":{"line":82,"column":3}},"48":{"start":{"line":73,"column":19},"end":{"line":73,"column":68}},"49":{"start":{"line":74,"column":4},"end":{"line":78,"column":5}},"50":{"start":{"line":75,"column":6},"end":{"line":75,"column":119}},"51":{"start":{"line":77,"column":6},"end":{"line":77,"column":63}},"52":{"start":{"line":80,"column":4},"end":{"line":80,"column":102}},"53":{"start":{"line":81,"column":4},"end":{"line":81,"column":70}},"54":{"start":{"line":86,"column":0},"end":{"line":93,"column":2}}},"fnMap":{"0":{"name":"(anonymous_0)","decl":{"start":{"line":6,"column":23},"end":{"line":6,"column":24}},"loc":{"start":{"line":6,"column":41},"end":{"line":16,"column":1}},"line":6},"1":{"name":"(anonymous_1)","decl":{"start":{"line":18,"column":23},"end":{"line":18,"column":24}},"loc":{"start":{"line":18,"column":41},"end":{"line":29,"column":1}},"line":18},"2":{"name":"(anonymous_2)","decl":{"start":{"line":31,"column":22},"end":{"line":31,"column":23}},"loc":{"start":{"line":31,"column":40},"end":{"line":42,"column":1}},"line":31},"3":{"name":"(anonymous_3)","decl":{"start":{"line":44,"column":22},"end":{"line":44,"column":23}},"loc":{"start":{"line":44,"column":40},"end":{"line":54,"column":1}},"line":44},"4":{"name":"(anonymous_4)","decl":{"start":{"line":56,"column":22},"end":{"line":56,"column":23}},"loc":{"start":{"line":56,"column":40},"end":{"line":66,"column":1}},"line":56},"5":{"name":"(anonymous_5)","decl":{"start":{"line":68,"column":26},"end":{"line":68,"column":27}},"loc":{"start":{"line":68,"column":44},"end":{"line":83,"column":1}},"line":68}},"branchMap":{"0":{"loc":{"start":{"line":74,"column":4},"end":{"line":78,"column":5}},"type":"if","locations":[{"start":{"line":74,"column":4},"end":{"line":78,"column":5}},{"start":{"line":76,"column":11},"end":{"line":78,"column":5}}],"line":74}},"s":{"0":1,"1":1,"2":1,"3":1,"4":1,"5":1,"6":1,"7":1,"8":1,"9":0,"10":0,"11":1,"12":1,"13":1,"14":1,"15":1,"16":1,"17":0,"18":0,"19":1,"20":1,"21":1,"22":1,"23":1,"24":1,"25":1,"26":0,"27":0,"28":1,"29":1,"30":1,"31":1,"32":1,"33":1,"34":0,"35":0,"36":1,"37":1,"38":1,"39":1,"40":1,"41":1,"42":0,"43":0,"44":1,"45":2,"46":2,"47":2,"48":2,"49":2,"50":1,"51":1,"52":0,"53":0,"54":1},"f":{"0":1,"1":1,"2":1,"3":1,"4":1,"5":2},"b":{"0":[1,1]},"_coverageSchema":"1a1c01bbd47fc00a2c39e90264f33305004495a9","hash":"968d0ec3d9408de7c8c327824a74232a8ea3e959"}
,"C:\\Users\\DELL\\Documents\\Diaz\\project\\jubelio-tech-test-diazravivnur\\server\\helpers\\axiosHelper.js": {"path":"C:\\Users\\DELL\\Documents\\Diaz\\project\\jubelio-tech-test-diazravivnur\\server\\helpers\\axiosHelper.js","statementMap":{"0":{"start":{"line":1,"column":14},"end":{"line":1,"column":30}},"1":{"start":{"line":2,"column":21},"end":{"line":2,"column":55}},"2":{"start":{"line":4,"column":12},"end":{"line":10,"column":2}},"3":{"start":{"line":12,"column":16},"end":{"line":26,"column":1}},"4":{"start":{"line":13,"column":2},"end":{"line":25,"column":3}},"5":{"start":{"line":14,"column":22},"end":{"line":14,"column":38}},"6":{"start":{"line":15,"column":21},"end":{"line":15,"column":39}},"7":{"start":{"line":16,"column":21},"end":{"line":16,"column":46}},"8":{"start":{"line":17,"column":22},"end":{"line":17,"column":73}},"9":{"start":{"line":18,"column":20},"end":{"line":18,"column":54}},"10":{"start":{"line":19,"column":4},"end":{"line":19,"column":73}},"11":{"start":{"line":21,"column":4},"end":{"line":21,"column":25}},"12":{"start":{"line":23,"column":4},"end":{"line":23,"column":50}},"13":{"start":{"line":24,"column":4},"end":{"line":24,"column":16}},"14":{"start":{"line":28,"column":0},"end":{"line":30,"column":2}}},"fnMap":{"0":{"name":"(anonymous_0)","decl":{"start":{"line":12,"column":16},"end":{"line":12,"column":17}},"loc":{"start":{"line":12,"column":31},"end":{"line":26,"column":1}},"line":12}},"branchMap":{"0":{"loc":{"start":{"line":5,"column":11},"end":{"line":5,"column":62}},"type":"binary-expr","locations":[{"start":{"line":5,"column":11},"end":{"line":5,"column":35}},{"start":{"line":5,"column":39},"end":{"line":5,"column":62}}],"line":5}},"s":{"0":1,"1":1,"2":1,"3":1,"4":0,"5":0,"6":0,"7":0,"8":0,"9":0,"10":0,"11":0,"12":0,"13":0,"14":1},"f":{"0":0},"b":{"0":[1,1]},"_coverageSchema":"1a1c01bbd47fc00a2c39e90264f33305004495a9","hash":"dc308e8e544b5e82473332f93677053a7e1b5a88"}
,"C:\\Users\\DELL\\Documents\\Diaz\\project\\jubelio-tech-test-diazravivnur\\server\\helpers\\commonHelper.js": {"path":"C:\\Users\\DELL\\Documents\\Diaz\\project\\jubelio-tech-test-diazravivnur\\server\\helpers\\commonHelper.js","statementMap":{"0":{"start":{"line":1,"column":13},"end":{"line":1,"column":28}},"1":{"start":{"line":2,"column":15},"end":{"line":2,"column":21}},"2":{"start":{"line":4,"column":12},"end":{"line":11,"column":1}},"3":{"start":{"line":5,"column":15},"end":{"line":5,"column":23}},"4":{"start":{"line":6,"column":2},"end":{"line":8,"column":3}},"5":{"start":{"line":7,"column":4},"end":{"line":7,"column":34}},"6":{"start":{"line":10,"column":2},"end":{"line":10,"column":20}},"7":{"start":{"line":13,"column":24},"end":{"line":32,"column":1}},"8":{"start":{"line":14,"column":19},"end":{"line":14,"column":44}},"9":{"start":{"line":15,"column":20},"end":{"line":15,"column":71}},"10":{"start":{"line":16,"column":22},"end":{"line":21,"column":3}},"11":{"start":{"line":22,"column":2},"end":{"line":22,"column":49}},"12":{"start":{"line":24,"column":2},"end":{"line":24,"column":109}},"13":{"start":{"line":26,"column":2},"end":{"line":31,"column":18}},"14":{"start":{"line":34,"column":22},"end":{"line":42,"column":1}},"15":{"start":{"line":35,"column":2},"end":{"line":41,"column":18}},"16":{"start":{"line":44,"column":26},"end":{"line":47,"column":2}},"17":{"start":{"line":44,"column":43},"end":{"line":47,"column":1}},"18":{"start":{"line":49,"column":0},"end":{"line":54,"column":2}}},"fnMap":{"0":{"name":"(anonymous_0)","decl":{"start":{"line":4,"column":12},"end":{"line":4,"column":13}},"loc":{"start":{"line":4,"column":28},"end":{"line":11,"column":1}},"line":4},"1":{"name":"(anonymous_1)","decl":{"start":{"line":13,"column":24},"end":{"line":13,"column":25}},"loc":{"start":{"line":13,"column":76},"end":{"line":32,"column":1}},"line":13},"2":{"name":"(anonymous_2)","decl":{"start":{"line":34,"column":22},"end":{"line":34,"column":23}},"loc":{"start":{"line":34,"column":118},"end":{"line":42,"column":1}},"line":34},"3":{"name":"(anonymous_3)","decl":{"start":{"line":44,"column":26},"end":{"line":44,"column":27}},"loc":{"start":{"line":44,"column":43},"end":{"line":47,"column":1}},"line":44}},"branchMap":{"0":{"loc":{"start":{"line":6,"column":2},"end":{"line":8,"column":3}},"type":"if","locations":[{"start":{"line":6,"column":2},"end":{"line":8,"column":3}},{"start":{},"end":{}}],"line":6},"1":{"loc":{"start":{"line":34,"column":26},"end":{"line":34,"column":38}},"type":"default-arg","locations":[{"start":{"line":34,"column":35},"end":{"line":34,"column":38}}],"line":34},"2":{"loc":{"start":{"line":34,"column":40},"end":{"line":34,"column":79}},"type":"default-arg","locations":[{"start":{"line":34,"column":56},"end":{"line":34,"column":79}}],"line":34},"3":{"loc":{"start":{"line":34,"column":81},"end":{"line":34,"column":113}},"type":"default-arg","locations":[{"start":{"line":34,"column":91},"end":{"line":34,"column":113}}],"line":34}},"s":{"0":4,"1":4,"2":4,"3":12,"4":12,"5":12,"6":12,"7":4,"8":6,"9":6,"10":6,"11":6,"12":6,"13":6,"14":4,"15":0,"16":4,"17":0,"18":4},"f":{"0":12,"1":6,"2":0,"3":0},"b":{"0":[12,0],"1":[0],"2":[0],"3":[0]},"_coverageSchema":"1a1c01bbd47fc00a2c39e90264f33305004495a9","hash":"ac3b0c233e4c77b0a84478a1f0efddc7fab48696"}
,"C:\\Users\\DELL\\Documents\\Diaz\\project\\jubelio-tech-test-diazravivnur\\server\\helpers\\dbHelpers.js": {"path":"C:\\Users\\DELL\\Documents\\Diaz\\project\\jubelio-tech-test-diazravivnur\\server\\helpers\\dbHelpers.js","statementMap":{"0":{"start":{"line":1,"column":11},"end":{"line":1,"column":40}},"1":{"start":{"line":2,"column":21},"end":{"line":2,"column":55}},"2":{"start":{"line":4,"column":23},"end":{"line":39,"column":1}},"3":{"start":{"line":5,"column":20},"end":{"line":5,"column":36}},"4":{"start":{"line":7,"column":22},"end":{"line":17,"column":3}},"5":{"start":{"line":19,"column":25},"end":{"line":28,"column":4}},"6":{"start":{"line":20,"column":4},"end":{"line":27,"column":7}},"7":{"start":{"line":30,"column":2},"end":{"line":30,"column":30}},"8":{"start":{"line":32,"column":19},"end":{"line":32,"column":44}},"9":{"start":{"line":33,"column":20},"end":{"line":33,"column":71}},"10":{"start":{"line":34,"column":18},"end":{"line":34,"column":42}},"11":{"start":{"line":36,"column":2},"end":{"line":36,"column":76}},"12":{"start":{"line":38,"column":2},"end":{"line":38,"column":8}},"13":{"start":{"line":41,"column":20},"end":{"line":51,"column":1}},"14":{"start":{"line":42,"column":20},"end":{"line":42,"column":36}},"15":{"start":{"line":43,"column":21},"end":{"line":43,"column":53}},"16":{"start":{"line":44,"column":19},"end":{"line":44,"column":44}},"17":{"start":{"line":45,"column":20},"end":{"line":45,"column":71}},"18":{"start":{"line":46,"column":18},"end":{"line":46,"column":42}},"19":{"start":{"line":48,"column":2},"end":{"line":48,"column":73}},"20":{"start":{"line":50,"column":2},"end":{"line":50,"column":19}},"21":{"start":{"line":53,"column":22},"end":{"line":77,"column":1}},"22":{"start":{"line":54,"column":20},"end":{"line":54,"column":36}},"23":{"start":{"line":55,"column":22},"end":{"line":59,"column":3}},"24":{"start":{"line":60,"column":2},"end":{"line":76,"column":3}},"25":{"start":{"line":61,"column":6},"end":{"line":68,"column":9}},"26":{"start":{"line":69,"column":23},"end":{"line":69,"column":48}},"27":{"start":{"line":70,"column":24},"end":{"line":70,"column":75}},"28":{"start":{"line":71,"column":6},"end":{"line":71,"column":81}},"29":{"start":{"line":72,"column":6},"end":{"line":72,"column":72}},"30":{"start":{"line":74,"column":6},"end":{"line":74,"column":93}},"31":{"start":{"line":75,"column":6},"end":{"line":75,"column":91}},"32":{"start":{"line":79,"column":22},"end":{"line":95,"column":1}},"33":{"start":{"line":80,"column":20},"end":{"line":80,"column":36}},"34":{"start":{"line":81,"column":22},"end":{"line":84,"column":3}},"35":{"start":{"line":85,"column":2},"end":{"line":94,"column":3}},"36":{"start":{"line":86,"column":6},"end":{"line":86,"column":46}},"37":{"start":{"line":87,"column":23},"end":{"line":87,"column":48}},"38":{"start":{"line":88,"column":24},"end":{"line":88,"column":75}},"39":{"start":{"line":89,"column":6},"end":{"line":89,"column":81}},"40":{"start":{"line":90,"column":6},"end":{"line":90,"column":72}},"41":{"start":{"line":92,"column":6},"end":{"line":92,"column":93}},"42":{"start":{"line":93,"column":6},"end":{"line":93,"column":91}},"43":{"start":{"line":97,"column":22},"end":{"line":120,"column":1}},"44":{"start":{"line":98,"column":20},"end":{"line":98,"column":36}},"45":{"start":{"line":99,"column":22},"end":{"line":103,"column":3}},"46":{"start":{"line":104,"column":2},"end":{"line":119,"column":3}},"47":{"start":{"line":105,"column":27},"end":{"line":111,"column":8}},"48":{"start":{"line":112,"column":23},"end":{"line":112,"column":48}},"49":{"start":{"line":113,"column":24},"end":{"line":113,"column":75}},"50":{"start":{"line":114,"column":6},"end":{"line":114,"column":81}},"51":{"start":{"line":115,"column":6},"end":{"line":115,"column":104}},"52":{"start":{"line":117,"column":6},"end":{"line":117,"column":93}},"53":{"start":{"line":118,"column":6},"end":{"line":118,"column":91}},"54":{"start":{"line":122,"column":26},"end":{"line":143,"column":1}},"55":{"start":{"line":123,"column":20},"end":{"line":123,"column":36}},"56":{"start":{"line":124,"column":23},"end":{"line":128,"column":3}},"57":{"start":{"line":129,"column":2},"end":{"line":142,"column":3}},"58":{"start":{"line":130,"column":29},"end":{"line":130,"column":74}},"59":{"start":{"line":131,"column":23},"end":{"line":131,"column":48}},"60":{"start":{"line":132,"column":24},"end":{"line":132,"column":75}},"61":{"start":{"line":133,"column":6},"end":{"line":133,"column":85}},"62":{"start":{"line":134,"column":6},"end":{"line":138,"column":7}},"63":{"start":{"line":135,"column":10},"end":{"line":135,"column":57}},"64":{"start":{"line":137,"column":10},"end":{"line":137,"column":66}},"65":{"start":{"line":140,"column":6},"end":{"line":140,"column":97}},"66":{"start":{"line":141,"column":6},"end":{"line":141,"column":101}},"67":{"start":{"line":146,"column":0},"end":{"line":153,"column":2}}},"fnMap":{"0":{"name":"(anonymous_0)","decl":{"start":{"line":4,"column":23},"end":{"line":4,"column":24}},"loc":{"start":{"line":4,"column":43},"end":{"line":39,"column":1}},"line":4},"1":{"name":"(anonymous_1)","decl":{"start":{"line":19,"column":47},"end":{"line":19,"column":48}},"loc":{"start":{"line":19,"column":60},"end":{"line":28,"column":3}},"line":19},"2":{"name":"(anonymous_2)","decl":{"start":{"line":41,"column":20},"end":{"line":41,"column":21}},"loc":{"start":{"line":41,"column":32},"end":{"line":51,"column":1}},"line":41},"3":{"name":"(anonymous_3)","decl":{"start":{"line":53,"column":22},"end":{"line":53,"column":23}},"loc":{"start":{"line":53,"column":56},"end":{"line":77,"column":1}},"line":53},"4":{"name":"(anonymous_4)","decl":{"start":{"line":79,"column":22},"end":{"line":79,"column":23}},"loc":{"start":{"line":79,"column":43},"end":{"line":95,"column":1}},"line":79},"5":{"name":"(anonymous_5)","decl":{"start":{"line":97,"column":22},"end":{"line":97,"column":23}},"loc":{"start":{"line":97,"column":45},"end":{"line":120,"column":1}},"line":97},"6":{"name":"(anonymous_6)","decl":{"start":{"line":122,"column":26},"end":{"line":122,"column":27}},"loc":{"start":{"line":122,"column":47},"end":{"line":143,"column":1}},"line":122}},"branchMap":{"0":{"loc":{"start":{"line":134,"column":6},"end":{"line":138,"column":7}},"type":"if","locations":[{"start":{"line":134,"column":6},"end":{"line":138,"column":7}},{"start":{"line":136,"column":13},"end":{"line":138,"column":7}}],"line":134}},"s":{"0":2,"1":2,"2":2,"3":2,"4":2,"5":2,"6":2,"7":2,"8":2,"9":2,"10":2,"11":2,"12":2,"13":2,"14":2,"15":2,"16":2,"17":2,"18":2,"19":2,"20":2,"21":2,"22":2,"23":2,"24":2,"25":2,"26":1,"27":1,"28":1,"29":1,"30":1,"31":1,"32":2,"33":2,"34":2,"35":2,"36":2,"37":1,"38":1,"39":1,"40":1,"41":1,"42":1,"43":2,"44":0,"45":0,"46":0,"47":0,"48":0,"49":0,"50":0,"51":0,"52":0,"53":0,"54":2,"55":3,"56":3,"57":3,"58":3,"59":2,"60":2,"61":2,"62":2,"63":1,"64":1,"65":1,"66":1,"67":2},"f":{"0":2,"1":2,"2":2,"3":2,"4":2,"5":0,"6":3},"b":{"0":[1,1]},"_coverageSchema":"1a1c01bbd47fc00a2c39e90264f33305004495a9","hash":"5518a8de22f66e716b65da529f5f56a238207507"}
}
