{"C:\\Users\\DELL\\Documents\\Diaz\\project\\jubelio-tech-test-diazravivnur\\server\\config\\database.js": {"path":"C:\\Users\\DELL\\Documents\\Diaz\\project\\jubelio-tech-test-diazravivnur\\server\\config\\database.js","statementMap":{"0":{"start":{"line":1,"column":12},"end":{"line":1,"column":35}},"1":{"start":{"line":2,"column":0},"end":{"line":2,"column":27}},"2":{"start":{"line":5,"column":19},"end":{"line":11,"column":1}},"3":{"start":{"line":13,"column":11},"end":{"line":13,"column":26}},"4":{"start":{"line":15,"column":0},"end":{"line":15,"column":20}}},"fnMap":{},"branchMap":{"0":{"loc":{"start":{"line":6,"column":8},"end":{"line":6,"column":42}},"type":"binary-expr","locations":[{"start":{"line":6,"column":8},"end":{"line":6,"column":27}},{"start":{"line":6,"column":31},"end":{"line":6,"column":42}}],"line":6},"1":{"loc":{"start":{"line":7,"column":8},"end":{"line":7,"column":35}},"type":"binary-expr","locations":[{"start":{"line":7,"column":8},"end":{"line":7,"column":27}},{"start":{"line":7,"column":31},"end":{"line":7,"column":35}}],"line":7},"2":{"loc":{"start":{"line":8,"column":12},"end":{"line":8,"column":46}},"type":"binary-expr","locations":[{"start":{"line":8,"column":12},"end":{"line":8,"column":31}},{"start":{"line":8,"column":35},"end":{"line":8,"column":46}}],"line":8},"3":{"loc":{"start":{"line":9,"column":8},"end":{"line":9,"column":41}},"type":"binary-expr","locations":[{"start":{"line":9,"column":8},"end":{"line":9,"column":27}},{"start":{"line":9,"column":31},"end":{"line":9,"column":41}}],"line":9},"4":{"loc":{"start":{"line":10,"column":12},"end":{"line":10,"column":49}},"type":"binary-expr","locations":[{"start":{"line":10,"column":12},"end":{"line":10,"column":35}},{"start":{"line":10,"column":39},"end":{"line":10,"column":49}}],"line":10}},"s":{"0":2,"1":2,"2":2,"3":2,"4":2},"f":{},"b":{"0":[2,0],"1":[2,0],"2":[2,0],"3":[2,0],"4":[2,0]},"_coverageSchema":"1a1c01bbd47fc00a2c39e90264f33305004495a9","hash":"8890452cbe9eaeaaf162c6a4e228e077a3af10d7"}
,"C:\\Users\\DELL\\Documents\\Diaz\\project\\jubelio-tech-test-diazravivnur\\server\\controllers\\productController.js": {"path":"C:\\Users\\DELL\\Documents\\Diaz\\project\\jubelio-tech-test-diazravivnur\\server\\controllers\\productController.js","statementMap":{"0":{"start":{"line":1,"column":21},"end":{"line":1,"column":55}},"1":{"start":{"line":2,"column":20},"end":{"line":2,"column":53}},"2":{"start":{"line":3,"column":23},"end":{"line":3,"column":54}},"3":{"start":{"line":4,"column":10},"end":{"line":4,"column":27}},"4":{"start":{"line":6,"column":23},"end":{"line":16,"column":1}},"5":{"start":{"line":7,"column":20},"end":{"line":7,"column":36}},"6":{"start":{"line":8,"column":2},"end":{"line":15,"column":3}},"7":{"start":{"line":9,"column":21},"end":{"line":9,"column":59}},"8":{"start":{"line":10,"column":4},"end":{"line":10,"column":50}},"9":{"start":{"line":11,"column":4},"end":{"line":11,"column":109}},"10":{"start":{"line":13,"column":4},"end":{"line":13,"column":99}},"11":{"start":{"line":14,"column":4},"end":{"line":14,"column":70}},"12":{"start":{"line":18,"column":23},"end":{"line":40,"column":1}},"13":{"start":{"line":19,"column":20},"end":{"line":19,"column":36}},"14":{"start":{"line":21,"column":15},"end":{"line":21,"column":48}},"15":{"start":{"line":22,"column":16},"end":{"line":22,"column":50}},"16":{"start":{"line":23,"column":17},"end":{"line":23,"column":35}},"17":{"start":{"line":25,"column":2},"end":{"line":39,"column":3}},"18":{"start":{"line":26,"column":23},"end":{"line":26,"column":57}},"19":{"start":{"line":27,"column":30},"end":{"line":27,"column":70}},"20":{"start":{"line":28,"column":21},"end":{"line":33,"column":6}},"21":{"start":{"line":29,"column":6},"end":{"line":32,"column":8}},"22":{"start":{"line":35,"column":4},"end":{"line":35,"column":104}},"23":{"start":{"line":37,"column":4},"end":{"line":37,"column":99}},"24":{"start":{"line":38,"column":4},"end":{"line":38,"column":70}},"25":{"start":{"line":42,"column":22},"end":{"line":53,"column":1}},"26":{"start":{"line":43,"column":20},"end":{"line":43,"column":36}},"27":{"start":{"line":44,"column":2},"end":{"line":52,"column":3}},"28":{"start":{"line":45,"column":22},"end":{"line":45,"column":59}},"29":{"start":{"line":46,"column":24},"end":{"line":46,"column":35}},"30":{"start":{"line":47,"column":4},"end":{"line":47,"column":63}},"31":{"start":{"line":48,"column":4},"end":{"line":48,"column":96}},"32":{"start":{"line":50,"column":4},"end":{"line":50,"column":98}},"33":{"start":{"line":51,"column":4},"end":{"line":51,"column":70}},"34":{"start":{"line":55,"column":22},"end":{"line":65,"column":1}},"35":{"start":{"line":56,"column":20},"end":{"line":56,"column":36}},"36":{"start":{"line":57,"column":2},"end":{"line":64,"column":3}},"37":{"start":{"line":58,"column":22},"end":{"line":58,"column":59}},"38":{"start":{"line":59,"column":4},"end":{"line":59,"column":50}},"39":{"start":{"line":60,"column":4},"end":{"line":60,"column":96}},"40":{"start":{"line":62,"column":4},"end":{"line":62,"column":98}},"41":{"start":{"line":63,"column":4},"end":{"line":63,"column":70}},"42":{"start":{"line":67,"column":22},"end":{"line":77,"column":1}},"43":{"start":{"line":68,"column":20},"end":{"line":68,"column":36}},"44":{"start":{"line":69,"column":2},"end":{"line":76,"column":3}},"45":{"start":{"line":70,"column":23},"end":{"line":70,"column":34}},"46":{"start":{"line":71,"column":4},"end":{"line":71,"column":51}},"47":{"start":{"line":72,"column":4},"end":{"line":72,"column":109}},"48":{"start":{"line":74,"column":4},"end":{"line":74,"column":98}},"49":{"start":{"line":75,"column":4},"end":{"line":75,"column":70}},"50":{"start":{"line":79,"column":26},"end":{"line":93,"column":1}},"51":{"start":{"line":80,"column":20},"end":{"line":80,"column":36}},"52":{"start":{"line":81,"column":20},"end":{"line":81,"column":57}},"53":{"start":{"line":82,"column":2},"end":{"line":92,"column":3}},"54":{"start":{"line":83,"column":19},"end":{"line":83,"column":68}},"55":{"start":{"line":84,"column":4},"end":{"line":88,"column":5}},"56":{"start":{"line":85,"column":6},"end":{"line":85,"column":119}},"57":{"start":{"line":87,"column":6},"end":{"line":87,"column":63}},"58":{"start":{"line":90,"column":4},"end":{"line":90,"column":102}},"59":{"start":{"line":91,"column":4},"end":{"line":91,"column":70}},"60":{"start":{"line":95,"column":0},"end":{"line":102,"column":2}}},"fnMap":{"0":{"name":"(anonymous_0)","decl":{"start":{"line":6,"column":23},"end":{"line":6,"column":24}},"loc":{"start":{"line":6,"column":41},"end":{"line":16,"column":1}},"line":6},"1":{"name":"(anonymous_1)","decl":{"start":{"line":18,"column":23},"end":{"line":18,"column":24}},"loc":{"start":{"line":18,"column":41},"end":{"line":40,"column":1}},"line":18},"2":{"name":"(anonymous_2)","decl":{"start":{"line":28,"column":43},"end":{"line":28,"column":44}},"loc":{"start":{"line":28,"column":53},"end":{"line":33,"column":5}},"line":28},"3":{"name":"(anonymous_3)","decl":{"start":{"line":42,"column":22},"end":{"line":42,"column":23}},"loc":{"start":{"line":42,"column":40},"end":{"line":53,"column":1}},"line":42},"4":{"name":"(anonymous_4)","decl":{"start":{"line":55,"column":22},"end":{"line":55,"column":23}},"loc":{"start":{"line":55,"column":40},"end":{"line":65,"column":1}},"line":55},"5":{"name":"(anonymous_5)","decl":{"start":{"line":67,"column":22},"end":{"line":67,"column":23}},"loc":{"start":{"line":67,"column":40},"end":{"line":77,"column":1}},"line":67},"6":{"name":"(anonymous_6)","decl":{"start":{"line":79,"column":26},"end":{"line":79,"column":27}},"loc":{"start":{"line":79,"column":44},"end":{"line":93,"column":1}},"line":79}},"branchMap":{"0":{"loc":{"start":{"line":21,"column":15},"end":{"line":21,"column":48}},"type":"binary-expr","locations":[{"start":{"line":21,"column":15},"end":{"line":21,"column":43}},{"start":{"line":21,"column":47},"end":{"line":21,"column":48}}],"line":21},"1":{"loc":{"start":{"line":22,"column":16},"end":{"line":22,"column":50}},"type":"binary-expr","locations":[{"start":{"line":22,"column":16},"end":{"line":22,"column":45}},{"start":{"line":22,"column":49},"end":{"line":22,"column":50}}],"line":22},"2":{"loc":{"start":{"line":84,"column":4},"end":{"line":88,"column":5}},"type":"if","locations":[{"start":{"line":84,"column":4},"end":{"line":88,"column":5}},{"start":{"line":86,"column":11},"end":{"line":88,"column":5}}],"line":84}},"s":{"0":1,"1":1,"2":1,"3":1,"4":1,"5":1,"6":1,"7":1,"8":1,"9":1,"10":0,"11":0,"12":1,"13":1,"14":1,"15":1,"16":1,"17":1,"18":1,"19":1,"20":1,"21":2,"22":1,"23":0,"24":0,"25":1,"26":1,"27":1,"28":1,"29":1,"30":1,"31":1,"32":0,"33":0,"34":1,"35":1,"36":1,"37":1,"38":1,"39":1,"40":0,"41":0,"42":1,"43":1,"44":1,"45":1,"46":1,"47":1,"48":0,"49":0,"50":1,"51":1,"52":1,"53":1,"54":1,"55":1,"56":1,"57":0,"58":0,"59":0,"60":1},"f":{"0":1,"1":1,"2":2,"3":1,"4":1,"5":1,"6":1},"b":{"0":[1,1],"1":[1,1],"2":[1,0]},"_coverageSchema":"1a1c01bbd47fc00a2c39e90264f33305004495a9","hash":"d662713106f135b1e7ab9c4cc422f8e918e42680"}
,"C:\\Users\\DELL\\Documents\\Diaz\\project\\jubelio-tech-test-diazravivnur\\server\\helpers\\axiosHelper.js": {"path":"C:\\Users\\DELL\\Documents\\Diaz\\project\\jubelio-tech-test-diazravivnur\\server\\helpers\\axiosHelper.js","statementMap":{"0":{"start":{"line":1,"column":14},"end":{"line":1,"column":30}},"1":{"start":{"line":2,"column":21},"end":{"line":2,"column":55}},"2":{"start":{"line":4,"column":12},"end":{"line":10,"column":2}},"3":{"start":{"line":12,"column":16},"end":{"line":26,"column":1}},"4":{"start":{"line":13,"column":2},"end":{"line":25,"column":3}},"5":{"start":{"line":14,"column":22},"end":{"line":14,"column":38}},"6":{"start":{"line":15,"column":21},"end":{"line":15,"column":39}},"7":{"start":{"line":16,"column":21},"end":{"line":16,"column":46}},"8":{"start":{"line":17,"column":22},"end":{"line":17,"column":73}},"9":{"start":{"line":18,"column":20},"end":{"line":18,"column":54}},"10":{"start":{"line":19,"column":4},"end":{"line":19,"column":73}},"11":{"start":{"line":21,"column":4},"end":{"line":21,"column":25}},"12":{"start":{"line":23,"column":4},"end":{"line":23,"column":50}},"13":{"start":{"line":24,"column":4},"end":{"line":24,"column":16}},"14":{"start":{"line":28,"column":0},"end":{"line":30,"column":2}}},"fnMap":{"0":{"name":"(anonymous_0)","decl":{"start":{"line":12,"column":16},"end":{"line":12,"column":17}},"loc":{"start":{"line":12,"column":31},"end":{"line":26,"column":1}},"line":12}},"branchMap":{"0":{"loc":{"start":{"line":5,"column":11},"end":{"line":5,"column":62}},"type":"binary-expr","locations":[{"start":{"line":5,"column":11},"end":{"line":5,"column":35}},{"start":{"line":5,"column":39},"end":{"line":5,"column":62}}],"line":5}},"s":{"0":1,"1":1,"2":1,"3":1,"4":0,"5":0,"6":0,"7":0,"8":0,"9":0,"10":0,"11":0,"12":0,"13":0,"14":1},"f":{"0":0},"b":{"0":[1,1]},"_coverageSchema":"1a1c01bbd47fc00a2c39e90264f33305004495a9","hash":"dc308e8e544b5e82473332f93677053a7e1b5a88"}
,"C:\\Users\\DELL\\Documents\\Diaz\\project\\jubelio-tech-test-diazravivnur\\server\\helpers\\commonHelper.js": {"path":"C:\\Users\\DELL\\Documents\\Diaz\\project\\jubelio-tech-test-diazravivnur\\server\\helpers\\commonHelper.js","statementMap":{"0":{"start":{"line":1,"column":13},"end":{"line":1,"column":28}},"1":{"start":{"line":2,"column":15},"end":{"line":2,"column":21}},"2":{"start":{"line":3,"column":17},"end":{"line":3,"column":37}},"3":{"start":{"line":4,"column":15},"end":{"line":4,"column":32}},"4":{"start":{"line":5,"column":21},"end":{"line":5,"column":107}},"5":{"start":{"line":6,"column":18},"end":{"line":6,"column":31}},"6":{"start":{"line":7,"column":12},"end":{"line":7,"column":91}},"7":{"start":{"line":9,"column":12},"end":{"line":16,"column":1}},"8":{"start":{"line":10,"column":15},"end":{"line":10,"column":23}},"9":{"start":{"line":11,"column":2},"end":{"line":13,"column":3}},"10":{"start":{"line":12,"column":4},"end":{"line":12,"column":34}},"11":{"start":{"line":15,"column":2},"end":{"line":15,"column":20}},"12":{"start":{"line":18,"column":24},"end":{"line":37,"column":1}},"13":{"start":{"line":19,"column":19},"end":{"line":19,"column":44}},"14":{"start":{"line":20,"column":20},"end":{"line":20,"column":71}},"15":{"start":{"line":21,"column":22},"end":{"line":26,"column":3}},"16":{"start":{"line":27,"column":2},"end":{"line":27,"column":49}},"17":{"start":{"line":29,"column":2},"end":{"line":29,"column":110}},"18":{"start":{"line":31,"column":2},"end":{"line":36,"column":18}},"19":{"start":{"line":39,"column":22},"end":{"line":47,"column":1}},"20":{"start":{"line":40,"column":2},"end":{"line":46,"column":18}},"21":{"start":{"line":49,"column":26},"end":{"line":52,"column":2}},"22":{"start":{"line":49,"column":43},"end":{"line":52,"column":1}},"23":{"start":{"line":54,"column":18},"end":{"line":65,"column":1}},"24":{"start":{"line":55,"column":2},"end":{"line":64,"column":3}},"25":{"start":{"line":56,"column":15},"end":{"line":56,"column":37}},"26":{"start":{"line":57,"column":19},"end":{"line":57,"column":60}},"27":{"start":{"line":58,"column":21},"end":{"line":58,"column":36}},"28":{"start":{"line":59,"column":20},"end":{"line":59,"column":59}},"29":{"start":{"line":60,"column":4},"end":{"line":60,"column":37}},"30":{"start":{"line":61,"column":4},"end":{"line":61,"column":48}},"31":{"start":{"line":63,"column":4},"end":{"line":63,"column":26}},"32":{"start":{"line":67,"column":29},"end":{"line":74,"column":1}},"33":{"start":{"line":68,"column":2},"end":{"line":73,"column":3}},"34":{"start":{"line":69,"column":18},"end":{"line":69,"column":59}},"35":{"start":{"line":70,"column":4},"end":{"line":70,"column":57}},"36":{"start":{"line":72,"column":4},"end":{"line":72,"column":16}},"37":{"start":{"line":76,"column":18},"end":{"line":95,"column":1}},"38":{"start":{"line":77,"column":2},"end":{"line":94,"column":3}},"39":{"start":{"line":79,"column":34},"end":{"line":79,"column":58}},"40":{"start":{"line":80,"column":15},"end":{"line":80,"column":40}},"41":{"start":{"line":81,"column":22},"end":{"line":81,"column":54}},"42":{"start":{"line":84,"column":21},"end":{"line":84,"column":64}},"43":{"start":{"line":87,"column":20},"end":{"line":87,"column":62}},"44":{"start":{"line":88,"column":4},"end":{"line":88,"column":41}},"45":{"start":{"line":91,"column":4},"end":{"line":91,"column":35}},"46":{"start":{"line":93,"column":4},"end":{"line":93,"column":33}},"47":{"start":{"line":97,"column":0},"end":{"line":105,"column":2}}},"fnMap":{"0":{"name":"(anonymous_0)","decl":{"start":{"line":9,"column":12},"end":{"line":9,"column":13}},"loc":{"start":{"line":9,"column":28},"end":{"line":16,"column":1}},"line":9},"1":{"name":"(anonymous_1)","decl":{"start":{"line":18,"column":24},"end":{"line":18,"column":25}},"loc":{"start":{"line":18,"column":76},"end":{"line":37,"column":1}},"line":18},"2":{"name":"(anonymous_2)","decl":{"start":{"line":39,"column":22},"end":{"line":39,"column":23}},"loc":{"start":{"line":39,"column":118},"end":{"line":47,"column":1}},"line":39},"3":{"name":"(anonymous_3)","decl":{"start":{"line":49,"column":26},"end":{"line":49,"column":27}},"loc":{"start":{"line":49,"column":43},"end":{"line":52,"column":1}},"line":49},"4":{"name":"(anonymous_4)","decl":{"start":{"line":54,"column":18},"end":{"line":54,"column":19}},"loc":{"start":{"line":54,"column":28},"end":{"line":65,"column":1}},"line":54},"5":{"name":"(anonymous_5)","decl":{"start":{"line":67,"column":29},"end":{"line":67,"column":30}},"loc":{"start":{"line":67,"column":40},"end":{"line":74,"column":1}},"line":67},"6":{"name":"(anonymous_6)","decl":{"start":{"line":76,"column":18},"end":{"line":76,"column":19}},"loc":{"start":{"line":76,"column":37},"end":{"line":95,"column":1}},"line":76}},"branchMap":{"0":{"loc":{"start":{"line":5,"column":21},"end":{"line":5,"column":107}},"type":"binary-expr","locations":[{"start":{"line":5,"column":21},"end":{"line":5,"column":46}},{"start":{"line":5,"column":50},"end":{"line":5,"column":107}}],"line":5},"1":{"loc":{"start":{"line":11,"column":2},"end":{"line":13,"column":3}},"type":"if","locations":[{"start":{"line":11,"column":2},"end":{"line":13,"column":3}},{"start":{},"end":{}}],"line":11},"2":{"loc":{"start":{"line":39,"column":26},"end":{"line":39,"column":38}},"type":"default-arg","locations":[{"start":{"line":39,"column":35},"end":{"line":39,"column":38}}],"line":39},"3":{"loc":{"start":{"line":39,"column":40},"end":{"line":39,"column":79}},"type":"default-arg","locations":[{"start":{"line":39,"column":56},"end":{"line":39,"column":79}}],"line":39},"4":{"loc":{"start":{"line":39,"column":81},"end":{"line":39,"column":113}},"type":"default-arg","locations":[{"start":{"line":39,"column":91},"end":{"line":39,"column":113}}],"line":39}},"s":{"0":4,"1":4,"2":4,"3":4,"4":4,"5":4,"6":4,"7":4,"8":12,"9":12,"10":12,"11":12,"12":4,"13":6,"14":6,"15":6,"16":6,"17":6,"18":6,"19":4,"20":0,"21":4,"22":0,"23":4,"24":0,"25":0,"26":0,"27":0,"28":0,"29":0,"30":0,"31":0,"32":4,"33":0,"34":0,"35":0,"36":0,"37":4,"38":3,"39":3,"40":3,"41":3,"42":3,"43":3,"44":3,"45":3,"46":0,"47":4},"f":{"0":12,"1":6,"2":0,"3":0,"4":0,"5":0,"6":3},"b":{"0":[4,2],"1":[12,0],"2":[0],"3":[0],"4":[0]},"_coverageSchema":"1a1c01bbd47fc00a2c39e90264f33305004495a9","hash":"bae2761541dd6c4b6f508d1e3ec913430cc29165"}
,"C:\\Users\\DELL\\Documents\\Diaz\\project\\jubelio-tech-test-diazravivnur\\server\\helpers\\dbHelpers.js": {"path":"C:\\Users\\DELL\\Documents\\Diaz\\project\\jubelio-tech-test-diazravivnur\\server\\helpers\\dbHelpers.js","statementMap":{"0":{"start":{"line":1,"column":11},"end":{"line":1,"column":40}},"1":{"start":{"line":2,"column":21},"end":{"line":2,"column":55}},"2":{"start":{"line":4,"column":23},"end":{"line":32,"column":1}},"3":{"start":{"line":5,"column":20},"end":{"line":5,"column":36}},"4":{"start":{"line":7,"column":22},"end":{"line":17,"column":3}},"5":{"start":{"line":19,"column":25},"end":{"line":21,"column":4}},"6":{"start":{"line":20,"column":4},"end":{"line":20,"column":129}},"7":{"start":{"line":23,"column":2},"end":{"line":23,"column":30}},"8":{"start":{"line":25,"column":19},"end":{"line":25,"column":44}},"9":{"start":{"line":26,"column":20},"end":{"line":26,"column":71}},"10":{"start":{"line":27,"column":18},"end":{"line":27,"column":42}},"11":{"start":{"line":29,"column":2},"end":{"line":29,"column":76}},"12":{"start":{"line":31,"column":2},"end":{"line":31,"column":9}},"13":{"start":{"line":34,"column":20},"end":{"line":43,"column":1}},"14":{"start":{"line":35,"column":20},"end":{"line":35,"column":36}},"15":{"start":{"line":36,"column":21},"end":{"line":36,"column":53}},"16":{"start":{"line":37,"column":19},"end":{"line":37,"column":44}},"17":{"start":{"line":38,"column":20},"end":{"line":38,"column":71}},"18":{"start":{"line":39,"column":18},"end":{"line":39,"column":42}},"19":{"start":{"line":40,"column":2},"end":{"line":40,"column":73}},"20":{"start":{"line":42,"column":2},"end":{"line":42,"column":20}},"21":{"start":{"line":45,"column":22},"end":{"line":62,"column":1}},"22":{"start":{"line":46,"column":20},"end":{"line":46,"column":36}},"23":{"start":{"line":47,"column":22},"end":{"line":51,"column":3}},"24":{"start":{"line":52,"column":2},"end":{"line":61,"column":3}},"25":{"start":{"line":53,"column":4},"end":{"line":53,"column":143}},"26":{"start":{"line":54,"column":21},"end":{"line":54,"column":46}},"27":{"start":{"line":55,"column":22},"end":{"line":55,"column":73}},"28":{"start":{"line":56,"column":4},"end":{"line":56,"column":79}},"29":{"start":{"line":57,"column":4},"end":{"line":57,"column":70}},"30":{"start":{"line":59,"column":4},"end":{"line":59,"column":91}},"31":{"start":{"line":60,"column":4},"end":{"line":60,"column":89}},"32":{"start":{"line":64,"column":22},"end":{"line":80,"column":1}},"33":{"start":{"line":65,"column":20},"end":{"line":65,"column":36}},"34":{"start":{"line":66,"column":22},"end":{"line":69,"column":3}},"35":{"start":{"line":70,"column":2},"end":{"line":79,"column":3}},"36":{"start":{"line":71,"column":4},"end":{"line":71,"column":44}},"37":{"start":{"line":72,"column":21},"end":{"line":72,"column":46}},"38":{"start":{"line":73,"column":22},"end":{"line":73,"column":73}},"39":{"start":{"line":74,"column":4},"end":{"line":74,"column":79}},"40":{"start":{"line":75,"column":4},"end":{"line":75,"column":70}},"41":{"start":{"line":77,"column":4},"end":{"line":77,"column":91}},"42":{"start":{"line":78,"column":4},"end":{"line":78,"column":89}},"43":{"start":{"line":82,"column":22},"end":{"line":105,"column":1}},"44":{"start":{"line":83,"column":20},"end":{"line":83,"column":36}},"45":{"start":{"line":84,"column":22},"end":{"line":88,"column":3}},"46":{"start":{"line":89,"column":2},"end":{"line":104,"column":3}},"47":{"start":{"line":90,"column":25},"end":{"line":96,"column":6}},"48":{"start":{"line":97,"column":21},"end":{"line":97,"column":46}},"49":{"start":{"line":98,"column":22},"end":{"line":98,"column":73}},"50":{"start":{"line":99,"column":4},"end":{"line":99,"column":79}},"51":{"start":{"line":100,"column":4},"end":{"line":100,"column":102}},"52":{"start":{"line":102,"column":4},"end":{"line":102,"column":91}},"53":{"start":{"line":103,"column":4},"end":{"line":103,"column":89}},"54":{"start":{"line":107,"column":26},"end":{"line":128,"column":1}},"55":{"start":{"line":108,"column":20},"end":{"line":108,"column":36}},"56":{"start":{"line":109,"column":23},"end":{"line":113,"column":3}},"57":{"start":{"line":114,"column":2},"end":{"line":127,"column":3}},"58":{"start":{"line":115,"column":27},"end":{"line":115,"column":72}},"59":{"start":{"line":116,"column":21},"end":{"line":116,"column":46}},"60":{"start":{"line":117,"column":22},"end":{"line":117,"column":73}},"61":{"start":{"line":118,"column":4},"end":{"line":118,"column":83}},"62":{"start":{"line":119,"column":4},"end":{"line":123,"column":5}},"63":{"start":{"line":120,"column":6},"end":{"line":120,"column":53}},"64":{"start":{"line":122,"column":6},"end":{"line":122,"column":62}},"65":{"start":{"line":125,"column":4},"end":{"line":125,"column":95}},"66":{"start":{"line":126,"column":4},"end":{"line":126,"column":99}},"67":{"start":{"line":130,"column":0},"end":{"line":137,"column":2}}},"fnMap":{"0":{"name":"(anonymous_0)","decl":{"start":{"line":4,"column":23},"end":{"line":4,"column":24}},"loc":{"start":{"line":4,"column":43},"end":{"line":32,"column":1}},"line":4},"1":{"name":"(anonymous_1)","decl":{"start":{"line":19,"column":47},"end":{"line":19,"column":48}},"loc":{"start":{"line":19,"column":60},"end":{"line":21,"column":3}},"line":19},"2":{"name":"(anonymous_2)","decl":{"start":{"line":34,"column":20},"end":{"line":34,"column":21}},"loc":{"start":{"line":34,"column":32},"end":{"line":43,"column":1}},"line":34},"3":{"name":"(anonymous_3)","decl":{"start":{"line":45,"column":22},"end":{"line":45,"column":23}},"loc":{"start":{"line":45,"column":56},"end":{"line":62,"column":1}},"line":45},"4":{"name":"(anonymous_4)","decl":{"start":{"line":64,"column":22},"end":{"line":64,"column":23}},"loc":{"start":{"line":64,"column":43},"end":{"line":80,"column":1}},"line":64},"5":{"name":"(anonymous_5)","decl":{"start":{"line":82,"column":22},"end":{"line":82,"column":23}},"loc":{"start":{"line":82,"column":45},"end":{"line":105,"column":1}},"line":82},"6":{"name":"(anonymous_6)","decl":{"start":{"line":107,"column":26},"end":{"line":107,"column":27}},"loc":{"start":{"line":107,"column":47},"end":{"line":128,"column":1}},"line":107}},"branchMap":{"0":{"loc":{"start":{"line":119,"column":4},"end":{"line":123,"column":5}},"type":"if","locations":[{"start":{"line":119,"column":4},"end":{"line":123,"column":5}},{"start":{"line":121,"column":11},"end":{"line":123,"column":5}}],"line":119}},"s":{"0":2,"1":2,"2":2,"3":1,"4":1,"5":1,"6":1,"7":1,"8":1,"9":1,"10":1,"11":1,"12":1,"13":2,"14":1,"15":1,"16":1,"17":1,"18":1,"19":1,"20":1,"21":2,"22":2,"23":2,"24":2,"25":2,"26":1,"27":1,"28":1,"29":1,"30":1,"31":1,"32":2,"33":2,"34":2,"35":2,"36":2,"37":1,"38":1,"39":1,"40":1,"41":1,"42":1,"43":2,"44":0,"45":0,"46":0,"47":0,"48":0,"49":0,"50":0,"51":0,"52":0,"53":0,"54":2,"55":3,"56":3,"57":3,"58":3,"59":2,"60":2,"61":2,"62":2,"63":1,"64":1,"65":1,"66":1,"67":2},"f":{"0":1,"1":1,"2":1,"3":2,"4":2,"5":0,"6":3},"b":{"0":[1,1]},"_coverageSchema":"1a1c01bbd47fc00a2c39e90264f33305004495a9","hash":"0db3d8d1a32da2d523e9e20297b204a069e7ab72"}
}
