TN:
SF:config\database.js
FNF:0
FNH:0
DA:1,2
DA:2,2
DA:5,2
DA:13,2
DA:15,2
LF:5
LH:5
BRDA:6,0,0,2
BRDA:6,0,1,0
BRDA:7,1,0,2
BRDA:7,1,1,0
BRDA:8,2,0,2
BRDA:8,2,1,0
BRDA:9,3,0,2
BRDA:9,3,1,0
BRDA:10,4,0,2
BRDA:10,4,1,0
BRF:10
BRH:5
end_of_record
TN:
SF:controllers\productController.js
FN:6,(anonymous_0)
FN:18,(anonymous_1)
FN:31,(anonymous_2)
FN:44,(anonymous_3)
FN:56,(anonymous_4)
FN:68,(anonymous_5)
FN:100,oo_cm
FNF:7
FNH:0
FNDA:0,(anonymous_0)
FNDA:0,(anonymous_1)
FNDA:0,(anonymous_2)
FNDA:0,(anonymous_3)
FNDA:0,(anonymous_4)
FNDA:0,(anonymous_5)
FNDA:0,oo_cm
DA:1,1
DA:2,1
DA:3,1
DA:6,1
DA:7,0
DA:8,0
DA:9,0
DA:10,0
DA:11,0
DA:13,0
DA:14,0
DA:18,1
DA:19,0
DA:21,0
DA:22,0
DA:23,0
DA:24,0
DA:26,0
DA:27,0
DA:31,1
DA:32,0
DA:33,0
DA:34,0
DA:35,0
DA:36,0
DA:37,0
DA:39,0
DA:40,0
DA:44,1
DA:45,0
DA:46,0
DA:47,0
DA:48,0
DA:49,0
DA:51,0
DA:52,0
DA:56,1
DA:57,0
DA:58,0
DA:59,0
DA:60,0
DA:61,0
DA:63,0
DA:64,0
DA:68,1
DA:69,0
DA:70,0
DA:72,0
DA:73,0
DA:74,0
DA:75,0
DA:77,0
DA:80,0
DA:81,0
DA:86,1
DA:100,0
LF:56
LH:10
BRDA:74,0,0,0
BRDA:74,0,1,0
BRDA:100,1,0,0
BRDA:100,1,1,0
BRF:4
BRH:0
end_of_record
TN:
SF:helpers\axiosHelper.js
FN:12,(anonymous_0)
FNF:1
FNH:0
FNDA:0,(anonymous_0)
DA:1,1
DA:2,1
DA:4,1
DA:12,1
DA:13,0
DA:14,0
DA:15,0
DA:16,0
DA:17,0
DA:18,0
DA:19,0
DA:21,0
DA:23,0
DA:24,0
DA:28,1
LF:15
LH:5
BRDA:5,0,0,1
BRDA:5,0,1,1
BRF:2
BRH:2
end_of_record
TN:
SF:helpers\commonHelper.js
FN:4,(anonymous_0)
FN:13,(anonymous_1)
FN:34,(anonymous_2)
FN:44,(anonymous_3)
FNF:4
FNH:0
FNDA:0,(anonymous_0)
FNDA:0,(anonymous_1)
FNDA:0,(anonymous_2)
FNDA:0,(anonymous_3)
DA:1,4
DA:2,4
DA:4,4
DA:5,0
DA:6,0
DA:7,0
DA:10,0
DA:13,4
DA:14,0
DA:15,0
DA:16,0
DA:22,0
DA:24,0
DA:26,0
DA:34,4
DA:35,0
DA:44,4
DA:49,4
LF:18
LH:7
BRDA:6,0,0,0
BRDA:6,0,1,0
BRDA:34,1,0,0
BRDA:34,2,0,0
BRDA:34,3,0,0
BRF:5
BRH:0
end_of_record
TN:
SF:helpers\dbHelpers.js
FN:4,(anonymous_0)
FN:19,(anonymous_1)
FN:41,(anonymous_2)
FN:53,(anonymous_3)
FN:79,(anonymous_4)
FN:97,(anonymous_5)
FN:122,(anonymous_6)
FNF:7
FNH:6
FNDA:2,(anonymous_0)
FNDA:2,(anonymous_1)
FNDA:2,(anonymous_2)
FNDA:2,(anonymous_3)
FNDA:2,(anonymous_4)
FNDA:0,(anonymous_5)
FNDA:3,(anonymous_6)
DA:1,2
DA:2,2
DA:4,2
DA:5,2
DA:7,2
DA:19,2
DA:20,2
DA:30,2
DA:32,2
DA:33,2
DA:34,2
DA:36,2
DA:38,2
DA:41,2
DA:42,2
DA:43,2
DA:44,2
DA:45,2
DA:46,2
DA:48,2
DA:50,2
DA:53,2
DA:54,2
DA:55,2
DA:60,2
DA:61,2
DA:69,1
DA:70,1
DA:71,1
DA:72,1
DA:74,1
DA:75,1
DA:79,2
DA:80,2
DA:81,2
DA:85,2
DA:86,2
DA:87,1
DA:88,1
DA:89,1
DA:90,1
DA:92,1
DA:93,1
DA:97,2
DA:98,0
DA:99,0
DA:104,0
DA:105,0
DA:112,0
DA:113,0
DA:114,0
DA:115,0
DA:117,0
DA:118,0
DA:122,2
DA:123,3
DA:124,3
DA:129,3
DA:130,3
DA:131,2
DA:132,2
DA:133,2
DA:134,2
DA:135,1
DA:137,1
DA:140,1
DA:141,1
DA:146,2
LF:68
LH:58
BRDA:134,0,0,1
BRDA:134,0,1,1
BRF:2
BRH:2
end_of_record
