TN:
SF:config\database.js
FNF:0
FNH:0
DA:1,2
DA:2,2
DA:5,2
DA:13,2
DA:15,2
LF:5
LH:5
BRDA:6,0,0,2
BRDA:6,0,1,0
BRDA:7,1,0,2
BRDA:7,1,1,0
BRDA:8,2,0,2
BRDA:8,2,1,0
BRDA:9,3,0,2
BRDA:9,3,1,0
BRDA:10,4,0,2
BRDA:10,4,1,0
BRF:10
BRH:5
end_of_record
TN:
SF:controllers\productController.js
FN:7,(anonymous_0)
FN:19,(anonymous_1)
FN:30,(anonymous_2)
FN:44,(anonymous_3)
FN:57,(anonymous_4)
FN:69,(anonymous_5)
FN:81,(anonymous_6)
FNF:7
FNH:0
FNDA:0,(anonymous_0)
FNDA:0,(anonymous_1)
FNDA:0,(anonymous_2)
FNDA:0,(anonymous_3)
FNDA:0,(anonymous_4)
FNDA:0,(anonymous_5)
FNDA:0,(anonymous_6)
DA:1,1
DA:2,1
DA:3,1
DA:4,1
DA:7,1
DA:8,0
DA:9,0
DA:10,0
DA:11,0
DA:12,0
DA:14,0
DA:15,0
DA:19,1
DA:20,0
DA:22,0
DA:23,0
DA:24,0
DA:26,0
DA:27,0
DA:29,0
DA:30,0
DA:31,0
DA:37,0
DA:39,0
DA:40,0
DA:44,1
DA:45,0
DA:46,0
DA:47,0
DA:48,0
DA:49,0
DA:50,0
DA:52,0
DA:53,0
DA:57,1
DA:58,0
DA:59,0
DA:60,0
DA:61,0
DA:62,0
DA:64,0
DA:65,0
DA:69,1
DA:70,0
DA:71,0
DA:72,0
DA:73,0
DA:74,0
DA:76,0
DA:77,0
DA:81,1
DA:82,0
DA:83,0
DA:84,0
DA:85,0
DA:86,0
DA:87,0
DA:89,0
DA:92,0
DA:93,0
DA:97,1
LF:61
LH:11
BRDA:22,0,0,0
BRDA:22,0,1,0
BRDA:23,1,0,0
BRDA:23,1,1,0
BRDA:86,2,0,0
BRDA:86,2,1,0
BRF:6
BRH:0
end_of_record
TN:
SF:helpers\axiosHelper.js
FN:12,(anonymous_0)
FNF:1
FNH:0
FNDA:0,(anonymous_0)
DA:1,1
DA:2,1
DA:4,1
DA:12,1
DA:13,0
DA:14,0
DA:15,0
DA:16,0
DA:17,0
DA:18,0
DA:19,0
DA:21,0
DA:23,0
DA:24,0
DA:28,1
LF:15
LH:5
BRDA:5,0,0,1
BRDA:5,0,1,1
BRF:2
BRH:2
end_of_record
TN:
SF:helpers\commonHelper.js
FN:9,(anonymous_0)
FN:18,(anonymous_1)
FN:39,(anonymous_2)
FN:49,(anonymous_3)
FN:54,(anonymous_4)
FN:67,(anonymous_5)
FN:76,(anonymous_6)
FNF:7
FNH:0
FNDA:0,(anonymous_0)
FNDA:0,(anonymous_1)
FNDA:0,(anonymous_2)
FNDA:0,(anonymous_3)
FNDA:0,(anonymous_4)
FNDA:0,(anonymous_5)
FNDA:0,(anonymous_6)
DA:1,4
DA:2,4
DA:3,4
DA:4,4
DA:5,4
DA:6,4
DA:7,4
DA:9,4
DA:10,0
DA:11,0
DA:12,0
DA:15,0
DA:18,4
DA:19,0
DA:20,0
DA:21,0
DA:27,0
DA:29,0
DA:31,0
DA:39,4
DA:40,0
DA:49,4
DA:54,4
DA:55,0
DA:56,0
DA:57,0
DA:58,0
DA:59,0
DA:60,0
DA:61,0
DA:63,0
DA:67,4
DA:68,0
DA:69,0
DA:70,0
DA:72,0
DA:76,4
DA:77,0
DA:79,0
DA:80,0
DA:81,0
DA:84,0
DA:87,0
DA:88,0
DA:91,0
DA:93,0
DA:97,4
LF:47
LH:15
BRDA:5,0,0,4
BRDA:5,0,1,2
BRDA:11,1,0,0
BRDA:11,1,1,0
BRDA:39,2,0,0
BRDA:39,3,0,0
BRDA:39,4,0,0
BRF:7
BRH:2
end_of_record
TN:
SF:helpers\dbHelpers.js
FN:4,(anonymous_0)
FN:19,(anonymous_1)
FN:34,(anonymous_2)
FN:46,(anonymous_3)
FN:65,(anonymous_4)
FN:83,(anonymous_5)
FN:108,(anonymous_6)
FNF:7
FNH:6
FNDA:2,(anonymous_0)
FNDA:1,(anonymous_1)
FNDA:2,(anonymous_2)
FNDA:2,(anonymous_3)
FNDA:2,(anonymous_4)
FNDA:0,(anonymous_5)
FNDA:3,(anonymous_6)
DA:1,2
DA:2,2
DA:4,2
DA:5,2
DA:7,2
DA:19,2
DA:20,1
DA:23,2
DA:25,2
DA:26,2
DA:27,2
DA:29,2
DA:31,2
DA:34,2
DA:35,2
DA:36,2
DA:37,2
DA:38,2
DA:39,2
DA:40,2
DA:41,1
DA:43,1
DA:46,2
DA:47,2
DA:48,2
DA:53,2
DA:54,2
DA:55,1
DA:56,1
DA:57,1
DA:58,1
DA:60,1
DA:61,1
DA:65,2
DA:66,2
DA:67,2
DA:71,2
DA:72,2
DA:73,1
DA:74,1
DA:75,1
DA:76,1
DA:78,1
DA:79,1
DA:83,2
DA:84,0
DA:85,0
DA:90,0
DA:91,0
DA:98,0
DA:99,0
DA:100,0
DA:101,0
DA:103,0
DA:104,0
DA:108,2
DA:109,3
DA:110,3
DA:115,3
DA:116,3
DA:117,2
DA:118,2
DA:119,2
DA:120,2
DA:121,1
DA:123,1
DA:126,1
DA:127,1
DA:131,2
LF:69
LH:59
BRDA:120,0,0,1
BRDA:120,0,1,1
BRF:2
BRH:2
end_of_record
